[18:19:45] [Server thread/INFO]: Starting minecraft server version 1.7.10
[18:21:18] [Server thread/INFO]: Loading properties
[18:21:18] [Server thread/INFO]: Default game type: SURVIVAL
[18:21:18] [Server thread/INFO]: Generating keypair
[18:21:18] [Server thread/INFO]: Starting Minecraft server on *:25565
[18:21:59] [Server thread/WARN]: Failed to load user banlist: 
java.io.FileNotFoundException: banned-players.json (The system cannot find the file specified)
	at java.io.FileInputStream.open0(Native Method) ~[?:1.8.0_231]
	at java.io.FileInputStream.open(Unknown Source) ~[?:1.8.0_231]
	at java.io.FileInputStream.<init>(Unknown Source) ~[?:1.8.0_231]
	at com.google.common.io.Files.newReader(Files.java:86) ~[guava-17.0.jar:?]
	at net.minecraft.server.management.UserList.func_152679_g(SourceFile:124) ~[om.class:?]
	at net.minecraft.server.dedicated.DedicatedPlayerList.func_152620_y(SourceFile:99) [ls.class:?]
	at net.minecraft.server.dedicated.DedicatedPlayerList.<init>(SourceFile:25) [ls.class:?]
	at net.minecraft.server.dedicated.DedicatedServer.func_71197_b(DedicatedServer.java:211) [lt.class:?]
	at net.minecraft.server.MinecraftServer.run(MinecraftServer.java:387) [MinecraftServer.class:?]
	at net.minecraft.server.MinecraftServer$2.run(MinecraftServer.java:685) [li.class:?]
[18:21:59] [Server thread/WARN]: Failed to load ip banlist: 
java.io.FileNotFoundException: banned-ips.json (The system cannot find the file specified)
	at java.io.FileInputStream.open0(Native Method) ~[?:1.8.0_231]
	at java.io.FileInputStream.open(Unknown Source) ~[?:1.8.0_231]
	at java.io.FileInputStream.<init>(Unknown Source) ~[?:1.8.0_231]
	at com.google.common.io.Files.newReader(Files.java:86) ~[guava-17.0.jar:?]
	at net.minecraft.server.management.UserList.func_152679_g(SourceFile:124) ~[om.class:?]
	at net.minecraft.server.dedicated.DedicatedPlayerList.func_152619_x(SourceFile:91) [ls.class:?]
	at net.minecraft.server.dedicated.DedicatedPlayerList.<init>(SourceFile:27) [ls.class:?]
	at net.minecraft.server.dedicated.DedicatedServer.func_71197_b(DedicatedServer.java:211) [lt.class:?]
	at net.minecraft.server.MinecraftServer.run(MinecraftServer.java:387) [MinecraftServer.class:?]
	at net.minecraft.server.MinecraftServer$2.run(MinecraftServer.java:685) [li.class:?]
[18:21:59] [Server thread/WARN]: Failed to load operators list: 
java.io.FileNotFoundException: ops.json (The system cannot find the file specified)
	at java.io.FileInputStream.open0(Native Method) ~[?:1.8.0_231]
	at java.io.FileInputStream.open(Unknown Source) ~[?:1.8.0_231]
	at java.io.FileInputStream.<init>(Unknown Source) ~[?:1.8.0_231]
	at com.google.common.io.Files.newReader(Files.java:86) ~[guava-17.0.jar:?]
	at net.minecraft.server.management.UserList.func_152679_g(SourceFile:124) ~[om.class:?]
	at net.minecraft.server.dedicated.DedicatedPlayerList.func_72417_t(SourceFile:107) [ls.class:?]
	at net.minecraft.server.dedicated.DedicatedPlayerList.<init>(SourceFile:29) [ls.class:?]
	at net.minecraft.server.dedicated.DedicatedServer.func_71197_b(DedicatedServer.java:211) [lt.class:?]
	at net.minecraft.server.MinecraftServer.run(MinecraftServer.java:387) [MinecraftServer.class:?]
	at net.minecraft.server.MinecraftServer$2.run(MinecraftServer.java:685) [li.class:?]
[18:21:59] [Server thread/WARN]: Failed to load white-list: 
java.io.FileNotFoundException: whitelist.json (The system cannot find the file specified)
	at java.io.FileInputStream.open0(Native Method) ~[?:1.8.0_231]
	at java.io.FileInputStream.open(Unknown Source) ~[?:1.8.0_231]
	at java.io.FileInputStream.<init>(Unknown Source) ~[?:1.8.0_231]
	at com.google.common.io.Files.newReader(Files.java:86) ~[guava-17.0.jar:?]
	at net.minecraft.server.management.UserList.func_152679_g(SourceFile:124) ~[om.class:?]
	at net.minecraft.server.dedicated.DedicatedPlayerList.func_72418_v(SourceFile:123) [ls.class:?]
	at net.minecraft.server.dedicated.DedicatedPlayerList.<init>(SourceFile:30) [ls.class:?]
	at net.minecraft.server.dedicated.DedicatedServer.func_71197_b(DedicatedServer.java:211) [lt.class:?]
	at net.minecraft.server.MinecraftServer.run(MinecraftServer.java:387) [MinecraftServer.class:?]
	at net.minecraft.server.MinecraftServer$2.run(MinecraftServer.java:685) [li.class:?]
[18:22:00] [Server thread/INFO]: Preparing level "world"
[18:22:05] [Server thread/INFO]: Preparing start region for level 0
[18:22:06] [Server thread/INFO]: Preparing spawn area: 4%
[18:22:07] [Server thread/INFO]: Preparing spawn area: 7%
[18:22:08] [Server thread/INFO]: Preparing spawn area: 12%
[18:22:09] [Server thread/INFO]: Preparing spawn area: 18%
[18:22:10] [Server thread/INFO]: Preparing spawn area: 23%
[18:22:11] [Server thread/INFO]: Preparing spawn area: 32%
